<?xml version="1.0" encoding="UTF-8" ?>
<testsuite tests="15" failures="0" name="com.tao.ChenTensorTest" time="0.435" errors="0" skipped="0">
  <properties>
[...]
</properties>
  <testcase classname="com.tao.ChenTensorTest" name="test10" time="0.308"/>
  <testcase classname="com.tao.ChenTensorTest" name="test11" time="0.036"/>
  <testcase classname="com.tao.ChenTensorTest" name="test12" time="0.026"/>
  <testcase classname="com.tao.ChenTensorTest" name="test13" time="0"/>
  <testcase classname="com.tao.ChenTensorTest" name="test14" time="0.003"/>
  <testcase classname="com.tao.ChenTensorTest" name="test15" time="0.032"/>
  <testcase classname="com.tao.ChenTensorTest" name="test1" time="0"/>
  <testcase classname="com.tao.ChenTensorTest" name="test2" time="0.016"/>
  <testcase classname="com.tao.ChenTensorTest" name="test3" time="0.005"/>
  <testcase classname="com.tao.ChenTensorTest" name="test4" time="0.006"/>
  <testcase classname="com.tao.ChenTensorTest" name="test5" time="0"/>
  <testcase classname="com.tao.ChenTensorTest" name="test6" time="0"/>
  <testcase classname="com.tao.ChenTensorTest" name="test7" time="0.003"/>
  <testcase classname="com.tao.ChenTensorTest" name="test8" time="0"/>
  <testcase classname="com.tao.ChenTensorTest" name="test9" time="0"/>
</testsuite>